2026-03-12 22:00:35 [INFO] c.c.b.BackendProjecte3Application - Starting BackendProjecte3Application using Java 25 with PID 24804 (C:\Users\Usuario\Documents\NetBeansProjects\projecte3_grup4\backend\target\classes started by Usuario in C:\Users\Usuario\Documents\NetBeansProjects\projecte3_grup4\backend)
2026-03-12 22:00:35 [DEBUG] c.c.b.BackendProjecte3Application - Running with Spring Boot v4.0.2, Spring v7.0.3
2026-03-12 22:00:35 [INFO] c.c.b.BackendProjecte3Application - No active profile set, falling back to 1 default profile: "default"
2026-03-12 22:00:35 [INFO] o.s.b.d.e.DevToolsPropertyDefaultsPostProcessor - Devtools property defaults active! Set 'spring.devtools.add-properties' to 'false' to disable
2026-03-12 22:00:35 [INFO] o.s.b.d.e.DevToolsPropertyDefaultsPostProcessor - For additional web related logging consider setting the 'logging.level.web' property to 'DEBUG'
2026-03-12 22:00:35 [INFO] o.s.d.r.c.RepositoryConfigurationDelegate - Bootstrapping Spring Data JPA repositories in DEFAULT mode.
2026-03-12 22:00:35 [INFO] o.s.d.r.c.RepositoryConfigurationDelegate - Finished Spring Data repository scanning in 49 ms. Found 4 JPA repository interfaces.
2026-03-12 22:00:36 [INFO] o.s.boot.tomcat.TomcatWebServer - Tomcat initialized with port 8080 (http)
2026-03-12 22:00:36 [INFO] o.a.catalina.core.StandardService - Starting service [Tomcat]
2026-03-12 22:00:36 [INFO] o.a.catalina.core.StandardEngine - Starting Servlet engine: [Apache Tomcat/11.0.15]
2026-03-12 22:00:36 [INFO] o.s.b.w.c.s.WebApplicationContextInitializer - Root WebApplicationContext: initialization completed in 1277 ms
2026-03-12 22:00:36 [INFO] org.hibernate.orm.jpa - HHH008540: Processing PersistenceUnitInfo [name: default]
2026-03-12 22:00:36 [INFO] org.hibernate.orm.core - HHH000001: Hibernate ORM core version 7.2.1.Final
2026-03-12 22:00:37 [INFO] o.s.o.j.p.SpringPersistenceUnitInfo - No LoadTimeWeaver setup: ignoring JPA class transformer
2026-03-12 22:00:37 [INFO] com.zaxxer.hikari.HikariDataSource - HikariPool-1 - Starting...
2026-03-12 22:00:37 [INFO] com.zaxxer.hikari.pool.HikariPool - HikariPool-1 - Added connection com.mysql.cj.jdbc.ConnectionImpl@7b130a77
2026-03-12 22:00:37 [INFO] com.zaxxer.hikari.HikariDataSource - HikariPool-1 - Start completed.
2026-03-12 22:00:37 [INFO] o.hibernate.orm.connections.pooling - HHH10001005: Database info:
	Database JDBC URL [jdbc:mysql://localhost:3306/backendProjecte3?createDatabaseIfNotExist=true]
	Database driver: MySQL Connector/J
	Database dialect: MySQLDialect
	Database version: 8.0.44
	Default catalog/schema: backendProjecte3/undefined
	Autocommit mode: undefined/unknown
	Isolation level: REPEATABLE_READ [default REPEATABLE_READ]
	JDBC fetch size: none
	Pool: DataSourceConnectionProvider
	Minimum pool size: undefined/unknown
	Maximum pool size: undefined/unknown
2026-03-12 22:00:38 [INFO] org.hibernate.orm.core - HHH000489: No JTA platform available (set 'hibernate.transaction.jta.platform' to enable JTA platform integration)
2026-03-12 22:00:38 [INFO] o.s.o.j.LocalContainerEntityManagerFactoryBean - Initialized JPA EntityManagerFactory for persistence unit 'default'
2026-03-12 22:00:39 [INFO] o.s.d.j.r.q.QueryEnhancerFactories - Hibernate is in classpath; If applicable, HQL parser will be used.
2026-03-12 22:00:40 [WARN] o.s.b.j.a.JpaBaseConfiguration$JpaWebConfiguration - spring.jpa.open-in-view is enabled by default. Therefore, database queries may be performed during view rendering. Explicitly configure spring.jpa.open-in-view to disable this warning
2026-03-12 22:00:40 [INFO] o.s.boot.tomcat.TomcatWebServer - Tomcat started on port 8080 (http) with context path '/'
2026-03-12 22:00:40 [INFO] c.c.b.BackendProjecte3Application - Started BackendProjecte3Application in 6.055 seconds (process running for 6.465)
2026-03-12 22:02:45 [INFO] o.a.c.c.C.[Tomcat].[localhost].[/] - Initializing Spring DispatcherServlet 'dispatcherServlet'
2026-03-12 22:02:45 [INFO] o.s.web.servlet.DispatcherServlet - Initializing Servlet 'dispatcherServlet'
2026-03-12 22:02:45 [INFO] o.s.web.servlet.DispatcherServlet - Completed initialization in 32 ms
2026-03-12 22:17:37 [WARN] o.s.w.s.m.m.a.ExceptionHandlerExceptionResolver - Resolved [cat.copernic.backendProjecte3.exceptions.ReservaDatesNoValidsException: Vehicle no disponible en aquestes dates]
2026-03-12 22:17:58 [WARN] o.s.w.s.m.m.a.ExceptionHandlerExceptionResolver - Resolved [cat.copernic.backendProjecte3.exceptions.ReservaDatesNoValidsException: Reserva en el passat!!]
2026-03-12 22:18:09 [WARN] o.s.w.s.m.m.a.ExceptionHandlerExceptionResolver - Resolved [cat.copernic.backendProjecte3.exceptions.ReservaDatesNoValidsException: Vehicle no disponible en aquestes dates]
2026-03-12 22:18:10 [WARN] o.s.w.s.m.m.a.ExceptionHandlerExceptionResolver - Resolved [cat.copernic.backendProjecte3.exceptions.ReservaDatesNoValidsException: Vehicle no disponible en aquestes dates]
2026-03-12 22:18:10 [WARN] o.s.w.s.m.m.a.ExceptionHandlerExceptionResolver - Resolved [cat.copernic.backendProjecte3.exceptions.ReservaDatesNoValidsException: Vehicle no disponible en aquestes dates]
2026-03-12 22:18:11 [WARN] o.s.w.s.m.m.a.ExceptionHandlerExceptionResolver - Resolved [cat.copernic.backendProjecte3.exceptions.ReservaDatesNoValidsException: Vehicle no disponible en aquestes dates]
2026-03-12 22:18:11 [WARN] o.s.w.s.m.m.a.ExceptionHandlerExceptionResolver - Resolved [cat.copernic.backendProjecte3.exceptions.ReservaDatesNoValidsException: Vehicle no disponible en aquestes dates]
2026-03-12 22:18:11 [WARN] o.s.w.s.m.m.a.ExceptionHandlerExceptionResolver - Resolved [cat.copernic.backendProjecte3.exceptions.ReservaDatesNoValidsException: Vehicle no disponible en aquestes dates]
2026-03-12 22:18:11 [WARN] o.s.w.s.m.m.a.ExceptionHandlerExceptionResolver - Resolved [cat.copernic.backendProjecte3.exceptions.ReservaDatesNoValidsException: Vehicle no disponible en aquestes dates]
2026-03-12 22:18:11 [WARN] o.s.w.s.m.m.a.ExceptionHandlerExceptionResolver - Resolved [cat.copernic.backendProjecte3.exceptions.ReservaDatesNoValidsException: Vehicle no disponible en aquestes dates]
2026-03-12 22:18:16 [WARN] o.s.w.s.m.m.a.ExceptionHandlerExceptionResolver - Resolved [cat.copernic.backendProjecte3.exceptions.ReservaDatesNoValidsException: Vehicle no disponible en aquestes dates]
2026-03-13 00:21:33 [INFO] c.c.b.BackendProjecte3Application - Starting BackendProjecte3Application using Java 21.0.6 with PID 2144 (C:\Users\bharr\Documents\NetBeansProjects\projecte3_grup4\backend\target\classes started by bharr in C:\Users\bharr\Documents\NetBeansProjects\projecte3_grup4\backend)
2026-03-13 00:21:33 [DEBUG] c.c.b.BackendProjecte3Application - Running with Spring Boot v4.0.2, Spring v7.0.3
2026-03-13 00:21:33 [INFO] c.c.b.BackendProjecte3Application - No active profile set, falling back to 1 default profile: "default"
2026-03-13 00:21:34 [INFO] o.s.b.d.e.DevToolsPropertyDefaultsPostProcessor - Devtools property defaults active! Set 'spring.devtools.add-properties' to 'false' to disable
2026-03-13 00:21:34 [INFO] o.s.b.d.e.DevToolsPropertyDefaultsPostProcessor - For additional web related logging consider setting the 'logging.level.web' property to 'DEBUG'
2026-03-13 00:21:34 [INFO] o.s.d.r.c.RepositoryConfigurationDelegate - Bootstrapping Spring Data JPA repositories in DEFAULT mode.
2026-03-13 00:21:34 [INFO] o.s.d.r.c.RepositoryConfigurationDelegate - Finished Spring Data repository scanning in 59 ms. Found 4 JPA repository interfaces.
2026-03-13 00:21:35 [INFO] o.s.boot.tomcat.TomcatWebServer - Tomcat initialized with port 8080 (http)
2026-03-13 00:21:35 [INFO] o.a.catalina.core.StandardService - Starting service [Tomcat]
2026-03-13 00:21:35 [INFO] o.a.catalina.core.StandardEngine - Starting Servlet engine: [Apache Tomcat/11.0.15]
2026-03-13 00:21:35 [INFO] o.s.b.w.c.s.WebApplicationContextInitializer - Root WebApplicationContext: initialization completed in 1834 ms
2026-03-13 00:21:36 [INFO] org.hibernate.orm.jpa - HHH008540: Processing PersistenceUnitInfo [name: default]
2026-03-13 00:21:36 [INFO] org.hibernate.orm.core - HHH000001: Hibernate ORM core version 7.2.1.Final
2026-03-13 00:21:36 [INFO] o.s.o.j.p.SpringPersistenceUnitInfo - No LoadTimeWeaver setup: ignoring JPA class transformer
2026-03-13 00:21:36 [INFO] com.zaxxer.hikari.HikariDataSource - HikariPool-1 - Starting...
2026-03-13 00:21:37 [INFO] com.zaxxer.hikari.pool.HikariPool - HikariPool-1 - Added connection com.mysql.cj.jdbc.ConnectionImpl@6ed9b48
2026-03-13 00:21:37 [INFO] com.zaxxer.hikari.HikariDataSource - HikariPool-1 - Start completed.
2026-03-13 00:21:37 [INFO] o.hibernate.orm.connections.pooling - HHH10001005: Database info:
	Database JDBC URL [jdbc:mysql://localhost:3306/backendProjecte3?createDatabaseIfNotExist=true]
	Database driver: MySQL Connector/J
	Database dialect: MySQLDialect
	Database version: 8.4.7
	Default catalog/schema: backendProjecte3/undefined
	Autocommit mode: undefined/unknown
	Isolation level: REPEATABLE_READ [default REPEATABLE_READ]
	JDBC fetch size: none
	Pool: DataSourceConnectionProvider
	Minimum pool size: undefined/unknown
	Maximum pool size: undefined/unknown
2026-03-13 00:21:38 [INFO] org.hibernate.orm.core - HHH000489: No JTA platform available (set 'hibernate.transaction.jta.platform' to enable JTA platform integration)
2026-03-13 00:21:38 [INFO] o.s.o.j.LocalContainerEntityManagerFactoryBean - Initialized JPA EntityManagerFactory for persistence unit 'default'
2026-03-13 00:21:38 [INFO] o.s.d.j.r.q.QueryEnhancerFactories - Hibernate is in classpath; If applicable, HQL parser will be used.
2026-03-13 00:21:39 [WARN] o.s.b.j.a.JpaBaseConfiguration$JpaWebConfiguration - spring.jpa.open-in-view is enabled by default. Therefore, database queries may be performed during view rendering. Explicitly configure spring.jpa.open-in-view to disable this warning
2026-03-13 00:21:39 [INFO] o.s.boot.tomcat.TomcatWebServer - Tomcat started on port 8080 (http) with context path '/'
2026-03-13 00:21:39 [INFO] c.c.b.BackendProjecte3Application - Started BackendProjecte3Application in 6.465 seconds (process running for 6.956)
2026-03-13 00:23:09 [INFO] o.a.c.c.C.[Tomcat].[localhost].[/] - Initializing Spring DispatcherServlet 'dispatcherServlet'
2026-03-13 00:23:09 [INFO] o.s.web.servlet.DispatcherServlet - Initializing Servlet 'dispatcherServlet'
2026-03-13 00:23:09 [INFO] o.s.web.servlet.DispatcherServlet - Completed initialization in 4 ms
2026-03-13 00:23:30 [WARN] o.s.w.s.m.m.a.ExceptionHandlerExceptionResolver - Resolved [org.springframework.web.servlet.resource.NoResourceFoundException: No static resource auth/login for request '/auth/login'.]
2026-03-13 00:45:57 [INFO] c.c.b.BackendProjecte3Application - Starting BackendProjecte3Application using Java 21.0.6 with PID 21340 (C:\Users\bharr\Documents\NetBeansProjects\projecte3_grup4\backend\target\classes started by bharr in C:\Users\bharr\Documents\NetBeansProjects\projecte3_grup4\backend)
2026-03-13 00:45:57 [DEBUG] c.c.b.BackendProjecte3Application - Running with Spring Boot v4.0.2, Spring v7.0.3
2026-03-13 00:45:57 [INFO] c.c.b.BackendProjecte3Application - No active profile set, falling back to 1 default profile: "default"
2026-03-13 00:45:57 [INFO] o.s.b.d.e.DevToolsPropertyDefaultsPostProcessor - Devtools property defaults active! Set 'spring.devtools.add-properties' to 'false' to disable
2026-03-13 00:45:57 [INFO] o.s.b.d.e.DevToolsPropertyDefaultsPostProcessor - For additional web related logging consider setting the 'logging.level.web' property to 'DEBUG'
2026-03-13 00:45:58 [INFO] o.s.d.r.c.RepositoryConfigurationDelegate - Bootstrapping Spring Data JPA repositories in DEFAULT mode.
2026-03-13 00:45:58 [INFO] o.s.d.r.c.RepositoryConfigurationDelegate - Finished Spring Data repository scanning in 95 ms. Found 4 JPA repository interfaces.
2026-03-13 00:45:59 [INFO] o.s.boot.tomcat.TomcatWebServer - Tomcat initialized with port 8080 (http)
2026-03-13 00:45:59 [INFO] o.a.catalina.core.StandardService - Starting service [Tomcat]
2026-03-13 00:45:59 [INFO] o.a.catalina.core.StandardEngine - Starting Servlet engine: [Apache Tomcat/11.0.15]
2026-03-13 00:45:59 [INFO] o.s.b.w.c.s.WebApplicationContextInitializer - Root WebApplicationContext: initialization completed in 2097 ms
2026-03-13 00:45:59 [INFO] org.hibernate.orm.jpa - HHH008540: Processing PersistenceUnitInfo [name: default]
2026-03-13 00:45:59 [INFO] org.hibernate.orm.core - HHH000001: Hibernate ORM core version 7.2.1.Final
2026-03-13 00:46:00 [INFO] o.s.o.j.p.SpringPersistenceUnitInfo - No LoadTimeWeaver setup: ignoring JPA class transformer
2026-03-13 00:46:00 [INFO] com.zaxxer.hikari.HikariDataSource - HikariPool-1 - Starting...
2026-03-13 00:46:01 [INFO] com.zaxxer.hikari.pool.HikariPool - HikariPool-1 - Added connection com.mysql.cj.jdbc.ConnectionImpl@7b66edc4
2026-03-13 00:46:01 [INFO] com.zaxxer.hikari.HikariDataSource - HikariPool-1 - Start completed.
2026-03-13 00:46:01 [INFO] o.hibernate.orm.connections.pooling - HHH10001005: Database info:
	Database JDBC URL [jdbc:mysql://localhost:3306/backendProjecte3?createDatabaseIfNotExist=true]
	Database driver: MySQL Connector/J
	Database dialect: MySQLDialect
	Database version: 8.4.7
	Default catalog/schema: backendProjecte3/undefined
	Autocommit mode: undefined/unknown
	Isolation level: REPEATABLE_READ [default REPEATABLE_READ]
	JDBC fetch size: none
	Pool: DataSourceConnectionProvider
	Minimum pool size: undefined/unknown
	Maximum pool size: undefined/unknown
2026-03-13 00:46:02 [INFO] org.hibernate.orm.core - HHH000489: No JTA platform available (set 'hibernate.transaction.jta.platform' to enable JTA platform integration)
2026-03-13 00:46:02 [INFO] o.s.o.j.LocalContainerEntityManagerFactoryBean - Initialized JPA EntityManagerFactory for persistence unit 'default'
2026-03-13 00:46:02 [INFO] o.s.d.j.r.q.QueryEnhancerFactories - Hibernate is in classpath; If applicable, HQL parser will be used.
2026-03-13 00:46:04 [WARN] o.s.b.j.a.JpaBaseConfiguration$JpaWebConfiguration - spring.jpa.open-in-view is enabled by default. Therefore, database queries may be performed during view rendering. Explicitly configure spring.jpa.open-in-view to disable this warning
2026-03-13 00:46:04 [INFO] o.s.boot.tomcat.TomcatWebServer - Tomcat started on port 8080 (http) with context path '/'
2026-03-13 00:46:04 [INFO] c.c.b.BackendProjecte3Application - Started BackendProjecte3Application in 7.969 seconds (process running for 8.534)
2026-03-13 00:46:21 [INFO] o.a.c.c.C.[Tomcat].[localhost].[/] - Initializing Spring DispatcherServlet 'dispatcherServlet'
2026-03-13 00:46:21 [INFO] o.s.web.servlet.DispatcherServlet - Initializing Servlet 'dispatcherServlet'
2026-03-13 00:46:21 [INFO] o.s.web.servlet.DispatcherServlet - Completed initialization in 2 ms
2026-03-13 00:46:58 [WARN] o.s.w.s.m.m.a.ExceptionHandlerExceptionResolver - Resolved [org.springframework.web.servlet.resource.NoResourceFoundException: No static resource auth/login for request '/auth/login'.]
2026-03-13 00:51:32 [INFO] c.c.b.BackendProjecte3Application - Starting BackendProjecte3Application using Java 21.0.6 with PID 2388 (C:\Users\bharr\Documents\NetBeansProjects\projecte3_grup4\backend\target\classes started by bharr in C:\Users\bharr\Documents\NetBeansProjects\projecte3_grup4\backend)
2026-03-13 00:51:32 [DEBUG] c.c.b.BackendProjecte3Application - Running with Spring Boot v4.0.2, Spring v7.0.3
2026-03-13 00:51:32 [INFO] c.c.b.BackendProjecte3Application - No active profile set, falling back to 1 default profile: "default"
2026-03-13 00:51:32 [INFO] o.s.b.d.e.DevToolsPropertyDefaultsPostProcessor - Devtools property defaults active! Set 'spring.devtools.add-properties' to 'false' to disable
2026-03-13 00:51:32 [INFO] o.s.b.d.e.DevToolsPropertyDefaultsPostProcessor - For additional web related logging consider setting the 'logging.level.web' property to 'DEBUG'
2026-03-13 00:51:33 [INFO] o.s.d.r.c.RepositoryConfigurationDelegate - Bootstrapping Spring Data JPA repositories in DEFAULT mode.
2026-03-13 00:51:33 [INFO] o.s.d.r.c.RepositoryConfigurationDelegate - Finished Spring Data repository scanning in 88 ms. Found 4 JPA repository interfaces.
2026-03-13 00:51:34 [INFO] o.s.boot.tomcat.TomcatWebServer - Tomcat initialized with port 8080 (http)
2026-03-13 00:51:35 [INFO] o.a.catalina.core.StandardService - Starting service [Tomcat]
2026-03-13 00:51:35 [INFO] o.a.catalina.core.StandardEngine - Starting Servlet engine: [Apache Tomcat/11.0.15]
2026-03-13 00:51:35 [INFO] o.s.b.w.c.s.WebApplicationContextInitializer - Root WebApplicationContext: initialization completed in 3075 ms
2026-03-13 00:51:35 [INFO] org.hibernate.orm.jpa - HHH008540: Processing PersistenceUnitInfo [name: default]
2026-03-13 00:51:35 [INFO] org.hibernate.orm.core - HHH000001: Hibernate ORM core version 7.2.1.Final
2026-03-13 00:51:37 [INFO] o.s.o.j.p.SpringPersistenceUnitInfo - No LoadTimeWeaver setup: ignoring JPA class transformer
2026-03-13 00:51:37 [INFO] com.zaxxer.hikari.HikariDataSource - HikariPool-1 - Starting...
2026-03-13 00:51:39 [INFO] com.zaxxer.hikari.pool.HikariPool - HikariPool-1 - Added connection com.mysql.cj.jdbc.ConnectionImpl@7b66edc4
2026-03-13 00:51:39 [INFO] com.zaxxer.hikari.HikariDataSource - HikariPool-1 - Start completed.
2026-03-13 00:51:39 [INFO] o.hibernate.orm.connections.pooling - HHH10001005: Database info:
	Database JDBC URL [jdbc:mysql://localhost:3306/backendProjecte3?createDatabaseIfNotExist=true]
	Database driver: MySQL Connector/J
	Database dialect: MySQLDialect
	Database version: 8.4.7
	Default catalog/schema: backendProjecte3/undefined
	Autocommit mode: undefined/unknown
	Isolation level: REPEATABLE_READ [default REPEATABLE_READ]
	JDBC fetch size: none
	Pool: DataSourceConnectionProvider
	Minimum pool size: undefined/unknown
	Maximum pool size: undefined/unknown
2026-03-13 00:51:42 [INFO] org.hibernate.orm.core - HHH000489: No JTA platform available (set 'hibernate.transaction.jta.platform' to enable JTA platform integration)
2026-03-13 00:51:42 [INFO] o.s.o.j.LocalContainerEntityManagerFactoryBean - Initialized JPA EntityManagerFactory for persistence unit 'default'
2026-03-13 00:51:42 [INFO] o.s.d.j.r.q.QueryEnhancerFactories - Hibernate is in classpath; If applicable, HQL parser will be used.
2026-03-13 00:51:46 [WARN] o.s.b.j.a.JpaBaseConfiguration$JpaWebConfiguration - spring.jpa.open-in-view is enabled by default. Therefore, database queries may be performed during view rendering. Explicitly configure spring.jpa.open-in-view to disable this warning
2026-03-13 00:51:47 [INFO] o.s.boot.tomcat.TomcatWebServer - Tomcat started on port 8080 (http) with context path '/'
2026-03-13 00:51:47 [INFO] c.c.b.BackendProjecte3Application - Started BackendProjecte3Application in 16.597 seconds (process running for 17.181)
2026-03-13 00:54:21 [INFO] o.a.c.c.C.[Tomcat].[localhost].[/] - Initializing Spring DispatcherServlet 'dispatcherServlet'
2026-03-13 00:54:21 [INFO] o.s.web.servlet.DispatcherServlet - Initializing Servlet 'dispatcherServlet'
2026-03-13 00:54:21 [INFO] o.s.web.servlet.DispatcherServlet - Completed initialization in 5 ms
2026-03-13 00:54:56 [WARN] o.s.w.s.m.m.a.ExceptionHandlerExceptionResolver - Resolved [org.springframework.web.servlet.resource.NoResourceFoundException: No static resource api/api/vehicles for request '/api/api/vehicles'.]
2026-03-13 00:55:04 [WARN] o.s.w.s.m.m.a.ExceptionHandlerExceptionResolver - Resolved [org.springframework.web.servlet.resource.NoResourceFoundException: No static resource api/api/vehicles for request '/api/api/vehicles'.]
2026-03-13 00:55:18 [WARN] o.s.w.s.m.m.a.ExceptionHandlerExceptionResolver - Resolved [org.springframework.web.servlet.resource.NoResourceFoundException: No static resource api/api/vehicles/disponibles for request '/api/api/vehicles/disponibles'.]
2026-03-13 00:55:26 [WARN] o.s.w.s.m.m.a.ExceptionHandlerExceptionResolver - Resolved [org.springframework.web.servlet.resource.NoResourceFoundException: No static resource api/api/vehicles for request '/api/api/vehicles'.]
2026-03-13 00:55:29 [WARN] o.s.w.s.m.m.a.ExceptionHandlerExceptionResolver - Resolved [org.springframework.web.servlet.resource.NoResourceFoundException: No static resource api/api/reserves for request '/api/api/reserves'.]
2026-03-13 00:55:31 [WARN] o.s.w.s.m.m.a.ExceptionHandlerExceptionResolver - Resolved [org.springframework.web.servlet.resource.NoResourceFoundException: No static resource api/api/reserves for request '/api/api/reserves'.]
2026-03-13 00:55:32 [WARN] o.s.w.s.m.m.a.ExceptionHandlerExceptionResolver - Resolved [org.springframework.web.servlet.resource.NoResourceFoundException: No static resource api/api/vehicles for request '/api/api/vehicles'.]
2026-03-13 00:56:05 [INFO] c.c.b.BackendProjecte3Application - Starting BackendProjecte3Application using Java 21.0.6 with PID 23164 (C:\Users\bharr\Documents\NetBeansProjects\projecte3_grup4\backend\target\classes started by bharr in C:\Users\bharr\Documents\NetBeansProjects\projecte3_grup4\backend)
2026-03-13 00:56:05 [DEBUG] c.c.b.BackendProjecte3Application - Running with Spring Boot v4.0.2, Spring v7.0.3
2026-03-13 00:56:05 [INFO] c.c.b.BackendProjecte3Application - No active profile set, falling back to 1 default profile: "default"
2026-03-13 00:56:05 [INFO] o.s.b.d.e.DevToolsPropertyDefaultsPostProcessor - Devtools property defaults active! Set 'spring.devtools.add-properties' to 'false' to disable
2026-03-13 00:56:05 [INFO] o.s.b.d.e.DevToolsPropertyDefaultsPostProcessor - For additional web related logging consider setting the 'logging.level.web' property to 'DEBUG'
2026-03-13 00:56:06 [INFO] o.s.d.r.c.RepositoryConfigurationDelegate - Bootstrapping Spring Data JPA repositories in DEFAULT mode.
2026-03-13 00:56:07 [INFO] o.s.d.r.c.RepositoryConfigurationDelegate - Finished Spring Data repository scanning in 96 ms. Found 4 JPA repository interfaces.
2026-03-13 00:56:07 [INFO] o.s.boot.tomcat.TomcatWebServer - Tomcat initialized with port 8080 (http)
2026-03-13 00:56:07 [INFO] o.a.catalina.core.StandardService - Starting service [Tomcat]
2026-03-13 00:56:07 [INFO] o.a.catalina.core.StandardEngine - Starting Servlet engine: [Apache Tomcat/11.0.15]
2026-03-13 00:56:08 [INFO] o.s.b.w.c.s.WebApplicationContextInitializer - Root WebApplicationContext: initialization completed in 2118 ms
2026-03-13 00:56:08 [INFO] org.hibernate.orm.jpa - HHH008540: Processing PersistenceUnitInfo [name: default]
2026-03-13 00:56:08 [INFO] org.hibernate.orm.core - HHH000001: Hibernate ORM core version 7.2.1.Final
2026-03-13 00:56:09 [INFO] o.s.o.j.p.SpringPersistenceUnitInfo - No LoadTimeWeaver setup: ignoring JPA class transformer
2026-03-13 00:56:09 [INFO] com.zaxxer.hikari.HikariDataSource - HikariPool-1 - Starting...
2026-03-13 00:56:09 [INFO] com.zaxxer.hikari.pool.HikariPool - HikariPool-1 - Added connection com.mysql.cj.jdbc.ConnectionImpl@7b66edc4
2026-03-13 00:56:09 [INFO] com.zaxxer.hikari.HikariDataSource - HikariPool-1 - Start completed.
2026-03-13 00:56:09 [INFO] o.hibernate.orm.connections.pooling - HHH10001005: Database info:
	Database JDBC URL [jdbc:mysql://localhost:3306/backendProjecte3?createDatabaseIfNotExist=true]
	Database driver: MySQL Connector/J
	Database dialect: MySQLDialect
	Database version: 8.4.7
	Default catalog/schema: backendProjecte3/undefined
	Autocommit mode: undefined/unknown
	Isolation level: REPEATABLE_READ [default REPEATABLE_READ]
	JDBC fetch size: none
	Pool: DataSourceConnectionProvider
	Minimum pool size: undefined/unknown
	Maximum pool size: undefined/unknown
2026-03-13 00:56:11 [INFO] org.hibernate.orm.core - HHH000489: No JTA platform available (set 'hibernate.transaction.jta.platform' to enable JTA platform integration)
2026-03-13 00:56:11 [INFO] o.s.o.j.LocalContainerEntityManagerFactoryBean - Initialized JPA EntityManagerFactory for persistence unit 'default'
2026-03-13 00:56:11 [INFO] o.s.d.j.r.q.QueryEnhancerFactories - Hibernate is in classpath; If applicable, HQL parser will be used.
2026-03-13 00:56:13 [WARN] o.s.b.j.a.JpaBaseConfiguration$JpaWebConfiguration - spring.jpa.open-in-view is enabled by default. Therefore, database queries may be performed during view rendering. Explicitly configure spring.jpa.open-in-view to disable this warning
2026-03-13 00:56:13 [INFO] o.s.boot.tomcat.TomcatWebServer - Tomcat started on port 8080 (http) with context path '/'
2026-03-13 00:56:13 [INFO] c.c.b.BackendProjecte3Application - Started BackendProjecte3Application in 9.103 seconds (process running for 10.021)
2026-03-13 00:56:29 [INFO] o.a.c.c.C.[Tomcat].[localhost].[/] - Initializing Spring DispatcherServlet 'dispatcherServlet'
2026-03-13 00:56:29 [INFO] o.s.web.servlet.DispatcherServlet - Initializing Servlet 'dispatcherServlet'
2026-03-13 00:56:29 [INFO] o.s.web.servlet.DispatcherServlet - Completed initialization in 2 ms
2026-03-13 00:56:29 [WARN] o.s.w.s.m.m.a.ExceptionHandlerExceptionResolver - Resolved [org.springframework.web.servlet.resource.NoResourceFoundException: No static resource api/api/vehicles for request '/api/api/vehicles'.]
2026-03-13 00:56:51 [WARN] o.s.w.s.m.m.a.ExceptionHandlerExceptionResolver - Resolved [org.springframework.web.servlet.resource.NoResourceFoundException: No static resource api/api/vehicles for request '/api/api/vehicles'.]
2026-03-13 00:59:09 [WARN] o.s.w.s.m.m.a.ExceptionHandlerExceptionResolver - Resolved [org.springframework.web.servlet.resource.NoResourceFoundException: No static resource api/api/vehicles for request '/api/api/vehicles'.]
2026-03-13 00:59:36 [WARN] o.s.w.s.m.m.a.ExceptionHandlerExceptionResolver - Resolved [org.springframework.web.servlet.resource.NoResourceFoundException: No static resource api/api/reserves for request '/api/api/reserves'.]
2026-03-13 00:59:42 [WARN] o.s.w.s.m.m.a.ExceptionHandlerExceptionResolver - Resolved [org.springframework.web.servlet.resource.NoResourceFoundException: No static resource api/api/vehicles for request '/api/api/vehicles'.]
2026-03-13 01:13:27 [WARN] o.s.w.s.m.m.a.ExceptionHandlerExceptionResolver - Resolved [org.springframework.web.servlet.resource.NoResourceFoundException: No static resource clients/bharrak93@gmail.com for request '/clients/bharrak93@gmail.com'.]
2026-03-13 01:13:41 [WARN] o.s.w.s.m.m.a.ExceptionHandlerExceptionResolver - Resolved [org.springframework.web.servlet.resource.NoResourceFoundException: No static resource clients/bharrak93@gmail.com for request '/clients/bharrak93@gmail.com'.]
2026-03-13 01:14:18 [WARN] o.s.w.s.m.m.a.ExceptionHandlerExceptionResolver - Resolved [org.springframework.web.servlet.resource.NoResourceFoundException: No static resource clients/bharrak93@gmail.com for request '/clients/bharrak93@gmail.com'.]
2026-03-13 01:16:46 [WARN] o.s.w.s.m.m.a.ExceptionHandlerExceptionResolver - Resolved [org.springframework.web.servlet.resource.NoResourceFoundException: No static resource clients/bharrak93@gmail.com for request '/clients/bharrak93@gmail.com'.]
2026-03-13 01:18:07 [WARN] o.s.w.s.m.m.a.ExceptionHandlerExceptionResolver - Resolved [cat.copernic.backendProjecte3.exceptions.ReservaDatesNoValidsException: Vehicle no disponible en aquestes dates]
2026-03-13 01:18:16 [WARN] o.s.w.s.m.m.a.ExceptionHandlerExceptionResolver - Resolved [cat.copernic.backendProjecte3.exceptions.ReservaDatesNoValidsException: Vehicle no disponible en aquestes dates]
2026-03-13 01:18:24 [WARN] o.s.w.s.m.m.a.ExceptionHandlerExceptionResolver - Resolved [cat.copernic.backendProjecte3.exceptions.ReservaDatesNoValidsException: Vehicle no disponible en aquestes dates]
2026-03-13 01:18:47 [WARN] o.s.w.s.m.m.a.ExceptionHandlerExceptionResolver - Resolved [org.springframework.web.servlet.resource.NoResourceFoundException: No static resource clients/bharrak93@gmail.com for request '/clients/bharrak93@gmail.com'.]
2026-03-13 01:19:39 [WARN] o.s.w.s.m.m.a.ExceptionHandlerExceptionResolver - Resolved [org.springframework.web.servlet.resource.NoResourceFoundException: No static resource clients/bharrak93@gmail.com for request '/clients/bharrak93@gmail.com'.]
2026-03-13 01:20:09 [WARN] o.s.w.s.m.m.a.ExceptionHandlerExceptionResolver - Resolved [org.springframework.web.servlet.resource.NoResourceFoundException: No static resource clients/bharrak93@gmail.com for request '/clients/bharrak93@gmail.com'.]
2026-03-13 01:23:34 [WARN] o.s.w.s.m.m.a.ExceptionHandlerExceptionResolver - Resolved [org.springframework.web.servlet.resource.NoResourceFoundException: No static resource clients/bharrak93@gmail.com for request '/clients/bharrak93@gmail.com'.]
